{"/Users/mikejones/careerfoundry/meet/src/App.jsx": {"path":"/Users/mikejones/careerfoundry/meet/src/App.jsx","statementMap":{"0":{"start":{"line":9,"column":32},"end":{"line":9,"column":44}},"1":{"start":{"line":10,"column":40},"end":{"line":10,"column":52}},"2":{"start":{"line":11,"column":44},"end":{"line":11,"column":56}},"3":{"start":{"line":12,"column":42},"end":{"line":12,"column":68}},"4":{"start":{"line":14,"column":4},"end":{"line":16,"column":22}},"5":{"start":{"line":15,"column":8},"end":{"line":15,"column":20}},"6":{"start":{"line":18,"column":22},"end":{"line":28,"column":5}},"7":{"start":{"line":19,"column":26},"end":{"line":19,"column":43}},"8":{"start":{"line":21,"column":12},"end":{"line":23,"column":77}},"9":{"start":{"line":23,"column":46},"end":{"line":23,"column":76}},"10":{"start":{"line":26,"column":8},"end":{"line":26,"column":55}},"11":{"start":{"line":27,"column":8},"end":{"line":27,"column":53}},"12":{"start":{"line":30,"column":4},"end":{"line":39,"column":6}}},"fnMap":{"0":{"name":"App","decl":{"start":{"line":8,"column":9},"end":{"line":8,"column":12}},"loc":{"start":{"line":8,"column":15},"end":{"line":40,"column":1}},"line":8},"1":{"name":"(anonymous_1)","decl":{"start":{"line":14,"column":14},"end":{"line":14,"column":15}},"loc":{"start":{"line":14,"column":20},"end":{"line":16,"column":5}},"line":14},"2":{"name":"(anonymous_2)","decl":{"start":{"line":18,"column":22},"end":{"line":18,"column":23}},"loc":{"start":{"line":18,"column":34},"end":{"line":28,"column":5}},"line":18},"3":{"name":"(anonymous_3)","decl":{"start":{"line":23,"column":35},"end":{"line":23,"column":36}},"loc":{"start":{"line":23,"column":46},"end":{"line":23,"column":76}},"line":23}},"branchMap":{"0":{"loc":{"start":{"line":21,"column":12},"end":{"line":23,"column":77}},"type":"cond-expr","locations":[{"start":{"line":22,"column":18},"end":{"line":22,"column":27}},{"start":{"line":23,"column":18},"end":{"line":23,"column":77}}],"line":21}},"s":{"0":12,"1":11,"2":11,"3":11,"4":11,"5":7,"6":11,"7":7,"8":7,"9":34,"10":7,"11":7,"12":11},"f":{"0":12,"1":7,"2":7,"3":34},"b":{"0":[6,1]},"_coverageSchema":"1a1c01bbd47fc00a2c39e90264f33305004495a9","hash":"7b924fe824a0a016d9e35af5e23a694ad19a5853"}
,"/Users/mikejones/careerfoundry/meet/src/api.js": {"path":"/Users/mikejones/careerfoundry/meet/src/api.js","statementMap":{"0":{"start":{"line":3,"column":32},"end":{"line":8,"column":1}},"1":{"start":{"line":4,"column":31},"end":{"line":4,"column":68}},"2":{"start":{"line":4,"column":53},"end":{"line":4,"column":67}},"3":{"start":{"line":6,"column":22},"end":{"line":6,"column":54}},"4":{"start":{"line":7,"column":4},"end":{"line":7,"column":21}},"5":{"start":{"line":10,"column":25},"end":{"line":12,"column":1}},"6":{"start":{"line":11,"column":4},"end":{"line":11,"column":20}}},"fnMap":{"0":{"name":"(anonymous_0)","decl":{"start":{"line":3,"column":32},"end":{"line":3,"column":33}},"loc":{"start":{"line":3,"column":44},"end":{"line":8,"column":1}},"line":3},"1":{"name":"(anonymous_1)","decl":{"start":{"line":4,"column":42},"end":{"line":4,"column":43}},"loc":{"start":{"line":4,"column":53},"end":{"line":4,"column":67}},"line":4},"2":{"name":"(anonymous_2)","decl":{"start":{"line":10,"column":25},"end":{"line":10,"column":26}},"loc":{"start":{"line":10,"column":37},"end":{"line":12,"column":1}},"line":10}},"branchMap":{},"s":{"0":4,"1":10,"2":340,"3":10,"4":10,"5":4,"6":21},"f":{"0":10,"1":340,"2":21},"b":{},"_coverageSchema":"1a1c01bbd47fc00a2c39e90264f33305004495a9","hash":"60177fd9c4e3802eb115753744e97759f90925c4"}
,"/Users/mikejones/careerfoundry/meet/src/mock-data.js": {"path":"/Users/mikejones/careerfoundry/meet/src/mock-data.js","statementMap":{"0":{"start":{"line":1,"column":17},"end":{"line":1396,"column":1}}},"fnMap":{},"branchMap":{},"s":{"0":4},"f":{},"b":{},"_coverageSchema":"1a1c01bbd47fc00a2c39e90264f33305004495a9","hash":"f74c5f425b5940c88c99f697504368f9fbd9e2e6"}
,"/Users/mikejones/careerfoundry/meet/src/components/CitySearch.jsx": {"path":"/Users/mikejones/careerfoundry/meet/src/components/CitySearch.jsx","statementMap":{"0":{"start":{"line":3,"column":19},"end":{"line":59,"column":1}},"1":{"start":{"line":4,"column":50},"end":{"line":4,"column":65}},"2":{"start":{"line":5,"column":30},"end":{"line":5,"column":42}},"3":{"start":{"line":6,"column":42},"end":{"line":6,"column":54}},"4":{"start":{"line":8,"column":4},"end":{"line":10,"column":28}},"5":{"start":{"line":9,"column":8},"end":{"line":9,"column":37}},"6":{"start":{"line":12,"column":30},"end":{"line":24,"column":5}},"7":{"start":{"line":13,"column":22},"end":{"line":13,"column":40}},"8":{"start":{"line":14,"column":34},"end":{"line":20,"column":16}},"9":{"start":{"line":16,"column":18},"end":{"line":18,"column":20}},"10":{"start":{"line":22,"column":8},"end":{"line":22,"column":24}},"11":{"start":{"line":23,"column":8},"end":{"line":23,"column":42}},"12":{"start":{"line":26,"column":30},"end":{"line":31,"column":5}},"13":{"start":{"line":27,"column":22},"end":{"line":27,"column":46}},"14":{"start":{"line":28,"column":8},"end":{"line":28,"column":24}},"15":{"start":{"line":29,"column":8},"end":{"line":29,"column":34}},"16":{"start":{"line":30,"column":8},"end":{"line":30,"column":30}},"17":{"start":{"line":33,"column":4},"end":{"line":58,"column":6}},"18":{"start":{"line":40,"column":31},"end":{"line":40,"column":55}},"19":{"start":{"line":46,"column":24},"end":{"line":50,"column":26}}},"fnMap":{"0":{"name":"(anonymous_0)","decl":{"start":{"line":3,"column":19},"end":{"line":3,"column":20}},"loc":{"start":{"line":3,"column":57},"end":{"line":59,"column":1}},"line":3},"1":{"name":"(anonymous_1)","decl":{"start":{"line":8,"column":14},"end":{"line":8,"column":15}},"loc":{"start":{"line":8,"column":20},"end":{"line":10,"column":5}},"line":8},"2":{"name":"(anonymous_2)","decl":{"start":{"line":12,"column":30},"end":{"line":12,"column":31}},"loc":{"start":{"line":12,"column":41},"end":{"line":24,"column":5}},"line":12},"3":{"name":"(anonymous_3)","decl":{"start":{"line":15,"column":34},"end":{"line":15,"column":35}},"loc":{"start":{"line":15,"column":48},"end":{"line":19,"column":15}},"line":15},"4":{"name":"(anonymous_4)","decl":{"start":{"line":26,"column":30},"end":{"line":26,"column":31}},"loc":{"start":{"line":26,"column":41},"end":{"line":31,"column":5}},"line":26},"5":{"name":"(anonymous_5)","decl":{"start":{"line":40,"column":25},"end":{"line":40,"column":26}},"loc":{"start":{"line":40,"column":31},"end":{"line":40,"column":55}},"line":40},"6":{"name":"(anonymous_6)","decl":{"start":{"line":45,"column":37},"end":{"line":45,"column":38}},"loc":{"start":{"line":45,"column":53},"end":{"line":51,"column":21}},"line":45}},"branchMap":{"0":{"loc":{"start":{"line":14,"column":34},"end":{"line":20,"column":16}},"type":"cond-expr","locations":[{"start":{"line":15,"column":14},"end":{"line":19,"column":16}},{"start":{"line":20,"column":14},"end":{"line":20,"column":16}}],"line":14},"1":{"loc":{"start":{"line":43,"column":13},"end":{"line":56,"column":20}},"type":"cond-expr","locations":[{"start":{"line":44,"column":16},"end":{"line":55,"column":21}},{"start":{"line":56,"column":16},"end":{"line":56,"column":20}}],"line":43}},"s":{"0":3,"1":58,"2":58,"3":58,"4":58,"5":16,"6":58,"7":18,"8":18,"9":36,"10":18,"11":18,"12":58,"13":2,"14":2,"15":2,"16":2,"17":58,"18":5,"19":26},"f":{"0":58,"1":16,"2":18,"3":36,"4":2,"5":5,"6":26},"b":{"0":[18,0],"1":[24,34]},"_coverageSchema":"1a1c01bbd47fc00a2c39e90264f33305004495a9","hash":"972d9b3581515865a3611a00e6fcf48b9f690d80"}
,"/Users/mikejones/careerfoundry/meet/src/components/Event.jsx": {"path":"/Users/mikejones/careerfoundry/meet/src/components/Event.jsx","statementMap":{"0":{"start":{"line":4,"column":14},"end":{"line":48,"column":1}},"1":{"start":{"line":5,"column":48},"end":{"line":5,"column":64}},"2":{"start":{"line":7,"column":33},"end":{"line":17,"column":5}},"3":{"start":{"line":8,"column":27},"end":{"line":8,"column":66}},"4":{"start":{"line":10,"column":8},"end":{"line":16,"column":9}},"5":{"start":{"line":11,"column":12},"end":{"line":11,"column":46}},"6":{"start":{"line":12,"column":12},"end":{"line":12,"column":39}},"7":{"start":{"line":14,"column":12},"end":{"line":14,"column":47}},"8":{"start":{"line":15,"column":12},"end":{"line":15,"column":38}},"9":{"start":{"line":19,"column":4},"end":{"line":47,"column":6}}},"fnMap":{"0":{"name":"(anonymous_0)","decl":{"start":{"line":4,"column":14},"end":{"line":4,"column":15}},"loc":{"start":{"line":4,"column":29},"end":{"line":48,"column":1}},"line":4},"1":{"name":"(anonymous_1)","decl":{"start":{"line":7,"column":33},"end":{"line":7,"column":34}},"loc":{"start":{"line":7,"column":39},"end":{"line":17,"column":5}},"line":7}},"branchMap":{"0":{"loc":{"start":{"line":10,"column":8},"end":{"line":16,"column":9}},"type":"if","locations":[{"start":{"line":10,"column":8},"end":{"line":16,"column":9}},{"start":{"line":13,"column":15},"end":{"line":16,"column":9}}],"line":10},"1":{"loc":{"start":{"line":21,"column":13},"end":{"line":45,"column":20}},"type":"cond-expr","locations":[{"start":{"line":22,"column":16},"end":{"line":44,"column":19}},{"start":{"line":45,"column":16},"end":{"line":45,"column":20}}],"line":21}},"s":{"0":4,"1":203,"2":203,"3":6,"4":6,"5":4,"6":4,"7":2,"8":2,"9":203},"f":{"0":203,"1":6},"b":{"0":[4,2],"1":[194,9]},"_coverageSchema":"1a1c01bbd47fc00a2c39e90264f33305004495a9","hash":"866911e171a8b090b2a861d667efda79a12c6482"}
,"/Users/mikejones/careerfoundry/meet/src/components/EventList.jsx": {"path":"/Users/mikejones/careerfoundry/meet/src/components/EventList.jsx","statementMap":{"0":{"start":{"line":4,"column":18},"end":{"line":12,"column":1}},"1":{"start":{"line":5,"column":4},"end":{"line":11,"column":6}},"2":{"start":{"line":8,"column":40},"end":{"line":8,"column":78}}},"fnMap":{"0":{"name":"(anonymous_0)","decl":{"start":{"line":4,"column":18},"end":{"line":4,"column":19}},"loc":{"start":{"line":4,"column":34},"end":{"line":12,"column":1}},"line":4},"1":{"name":"(anonymous_1)","decl":{"start":{"line":8,"column":29},"end":{"line":8,"column":30}},"loc":{"start":{"line":8,"column":40},"end":{"line":8,"column":78}},"line":8}},"branchMap":{"0":{"loc":{"start":{"line":7,"column":13},"end":{"line":9,"column":22}},"type":"cond-expr","locations":[{"start":{"line":8,"column":18},"end":{"line":8,"column":79}},{"start":{"line":9,"column":18},"end":{"line":9,"column":22}}],"line":7}},"s":{"0":3,"1":14,"2":179},"f":{"0":14,"1":179},"b":{"0":[12,2]},"_coverageSchema":"1a1c01bbd47fc00a2c39e90264f33305004495a9","hash":"eda7541f7462fcd78a15630185619a7b071215e9"}
,"/Users/mikejones/careerfoundry/meet/src/components/NumberOfEvents.jsx": {"path":"/Users/mikejones/careerfoundry/meet/src/components/NumberOfEvents.jsx","statementMap":{"0":{"start":{"line":3,"column":23},"end":{"line":15,"column":1}},"1":{"start":{"line":4,"column":4},"end":{"line":14,"column":6}}},"fnMap":{"0":{"name":"(anonymous_0)","decl":{"start":{"line":3,"column":23},"end":{"line":3,"column":24}},"loc":{"start":{"line":3,"column":29},"end":{"line":15,"column":1}},"line":3}},"branchMap":{},"s":{"0":4,"1":14},"f":{"0":14},"b":{},"_coverageSchema":"1a1c01bbd47fc00a2c39e90264f33305004495a9","hash":"3455498e69aa6de38f37bdd004be413537f7911c"}
}
