{"/Users/mikejones/careerfoundry/meet/src/App.jsx": {"path":"/Users/mikejones/careerfoundry/meet/src/App.jsx","statementMap":{"0":{"start":{"line":7,"column":4},"end":{"line":13,"column":6}}},"fnMap":{"0":{"name":"App","decl":{"start":{"line":6,"column":9},"end":{"line":6,"column":12}},"loc":{"start":{"line":6,"column":15},"end":{"line":14,"column":1}},"line":6}},"branchMap":{},"s":{"0":3},"f":{"0":3},"b":{},"_coverageSchema":"1a1c01bbd47fc00a2c39e90264f33305004495a9","hash":"acb024cf02b5487ba2147f6b66c7919c2d538edb"}
,"/Users/mikejones/careerfoundry/meet/src/api.js": {"path":"/Users/mikejones/careerfoundry/meet/src/api.js","statementMap":{"0":{"start":{"line":3,"column":32},"end":{"line":8,"column":1}},"1":{"start":{"line":4,"column":31},"end":{"line":4,"column":68}},"2":{"start":{"line":4,"column":53},"end":{"line":4,"column":67}},"3":{"start":{"line":6,"column":22},"end":{"line":6,"column":54}},"4":{"start":{"line":7,"column":4},"end":{"line":7,"column":21}},"5":{"start":{"line":10,"column":25},"end":{"line":12,"column":1}},"6":{"start":{"line":11,"column":4},"end":{"line":11,"column":20}}},"fnMap":{"0":{"name":"(anonymous_0)","decl":{"start":{"line":3,"column":32},"end":{"line":3,"column":33}},"loc":{"start":{"line":3,"column":44},"end":{"line":8,"column":1}},"line":3},"1":{"name":"(anonymous_1)","decl":{"start":{"line":4,"column":42},"end":{"line":4,"column":43}},"loc":{"start":{"line":4,"column":53},"end":{"line":4,"column":67}},"line":4},"2":{"name":"(anonymous_2)","decl":{"start":{"line":10,"column":25},"end":{"line":10,"column":26}},"loc":{"start":{"line":10,"column":37},"end":{"line":12,"column":1}},"line":10}},"branchMap":{},"s":{"0":3,"1":2,"2":68,"3":2,"4":2,"5":3,"6":12},"f":{"0":2,"1":68,"2":12},"b":{},"_coverageSchema":"1a1c01bbd47fc00a2c39e90264f33305004495a9","hash":"60177fd9c4e3802eb115753744e97759f90925c4"}
,"/Users/mikejones/careerfoundry/meet/src/mock-data.js": {"path":"/Users/mikejones/careerfoundry/meet/src/mock-data.js","statementMap":{"0":{"start":{"line":1,"column":17},"end":{"line":1396,"column":1}}},"fnMap":{},"branchMap":{},"s":{"0":3},"f":{},"b":{},"_coverageSchema":"1a1c01bbd47fc00a2c39e90264f33305004495a9","hash":"f74c5f425b5940c88c99f697504368f9fbd9e2e6"}
,"/Users/mikejones/careerfoundry/meet/src/components/CitySearch.jsx": {"path":"/Users/mikejones/careerfoundry/meet/src/components/CitySearch.jsx","statementMap":{"0":{"start":{"line":3,"column":19},"end":{"line":54,"column":1}},"1":{"start":{"line":4,"column":50},"end":{"line":4,"column":65}},"2":{"start":{"line":5,"column":30},"end":{"line":5,"column":42}},"3":{"start":{"line":6,"column":42},"end":{"line":6,"column":54}},"4":{"start":{"line":8,"column":30},"end":{"line":20,"column":5}},"5":{"start":{"line":9,"column":22},"end":{"line":9,"column":40}},"6":{"start":{"line":10,"column":34},"end":{"line":16,"column":16}},"7":{"start":{"line":12,"column":18},"end":{"line":14,"column":20}},"8":{"start":{"line":18,"column":8},"end":{"line":18,"column":24}},"9":{"start":{"line":19,"column":8},"end":{"line":19,"column":42}},"10":{"start":{"line":22,"column":30},"end":{"line":26,"column":5}},"11":{"start":{"line":23,"column":22},"end":{"line":23,"column":46}},"12":{"start":{"line":24,"column":8},"end":{"line":24,"column":24}},"13":{"start":{"line":25,"column":8},"end":{"line":25,"column":34}},"14":{"start":{"line":28,"column":4},"end":{"line":53,"column":6}},"15":{"start":{"line":35,"column":31},"end":{"line":35,"column":55}},"16":{"start":{"line":41,"column":24},"end":{"line":45,"column":26}}},"fnMap":{"0":{"name":"(anonymous_0)","decl":{"start":{"line":3,"column":19},"end":{"line":3,"column":20}},"loc":{"start":{"line":3,"column":41},"end":{"line":54,"column":1}},"line":3},"1":{"name":"(anonymous_1)","decl":{"start":{"line":8,"column":30},"end":{"line":8,"column":31}},"loc":{"start":{"line":8,"column":41},"end":{"line":20,"column":5}},"line":8},"2":{"name":"(anonymous_2)","decl":{"start":{"line":11,"column":34},"end":{"line":11,"column":35}},"loc":{"start":{"line":11,"column":48},"end":{"line":15,"column":15}},"line":11},"3":{"name":"(anonymous_3)","decl":{"start":{"line":22,"column":30},"end":{"line":22,"column":31}},"loc":{"start":{"line":22,"column":41},"end":{"line":26,"column":5}},"line":22},"4":{"name":"(anonymous_4)","decl":{"start":{"line":35,"column":25},"end":{"line":35,"column":26}},"loc":{"start":{"line":35,"column":31},"end":{"line":35,"column":55}},"line":35},"5":{"name":"(anonymous_5)","decl":{"start":{"line":40,"column":37},"end":{"line":40,"column":38}},"loc":{"start":{"line":40,"column":53},"end":{"line":46,"column":21}},"line":40}},"branchMap":{"0":{"loc":{"start":{"line":10,"column":34},"end":{"line":16,"column":16}},"type":"cond-expr","locations":[{"start":{"line":11,"column":14},"end":{"line":15,"column":16}},{"start":{"line":16,"column":14},"end":{"line":16,"column":16}}],"line":10},"1":{"loc":{"start":{"line":38,"column":13},"end":{"line":51,"column":20}},"type":"cond-expr","locations":[{"start":{"line":39,"column":16},"end":{"line":50,"column":21}},{"start":{"line":51,"column":16},"end":{"line":51,"column":20}}],"line":38}},"s":{"0":2,"1":26,"2":26,"3":26,"4":26,"5":12,"6":12,"7":24,"8":12,"9":12,"10":26,"11":1,"12":1,"13":1,"14":26,"15":3,"16":12},"f":{"0":26,"1":12,"2":24,"3":1,"4":3,"5":12},"b":{"0":[12,0],"1":[15,11]},"_coverageSchema":"1a1c01bbd47fc00a2c39e90264f33305004495a9","hash":"2f8438cdd688d2320739c5ab0cd2d17e5598e3c9"}
,"/Users/mikejones/careerfoundry/meet/src/components/Event.jsx": {"path":"/Users/mikejones/careerfoundry/meet/src/components/Event.jsx","statementMap":{"0":{"start":{"line":4,"column":14},"end":{"line":48,"column":1}},"1":{"start":{"line":5,"column":48},"end":{"line":5,"column":64}},"2":{"start":{"line":7,"column":33},"end":{"line":17,"column":5}},"3":{"start":{"line":8,"column":27},"end":{"line":8,"column":66}},"4":{"start":{"line":10,"column":8},"end":{"line":16,"column":9}},"5":{"start":{"line":11,"column":12},"end":{"line":11,"column":46}},"6":{"start":{"line":12,"column":12},"end":{"line":12,"column":39}},"7":{"start":{"line":14,"column":12},"end":{"line":14,"column":47}},"8":{"start":{"line":15,"column":12},"end":{"line":15,"column":38}},"9":{"start":{"line":19,"column":4},"end":{"line":47,"column":6}}},"fnMap":{"0":{"name":"(anonymous_0)","decl":{"start":{"line":4,"column":14},"end":{"line":4,"column":15}},"loc":{"start":{"line":4,"column":29},"end":{"line":48,"column":1}},"line":4},"1":{"name":"(anonymous_1)","decl":{"start":{"line":7,"column":33},"end":{"line":7,"column":34}},"loc":{"start":{"line":7,"column":39},"end":{"line":17,"column":5}},"line":7}},"branchMap":{"0":{"loc":{"start":{"line":10,"column":8},"end":{"line":16,"column":9}},"type":"if","locations":[{"start":{"line":10,"column":8},"end":{"line":16,"column":9}},{"start":{"line":13,"column":15},"end":{"line":16,"column":9}}],"line":10},"1":{"loc":{"start":{"line":21,"column":13},"end":{"line":45,"column":20}},"type":"cond-expr","locations":[{"start":{"line":22,"column":16},"end":{"line":44,"column":19}},{"start":{"line":45,"column":16},"end":{"line":45,"column":20}}],"line":21}},"s":{"0":3,"1":58,"2":58,"3":6,"4":6,"5":4,"6":4,"7":2,"8":2,"9":58},"f":{"0":58,"1":6},"b":{"0":[4,2],"1":[49,9]},"_coverageSchema":"1a1c01bbd47fc00a2c39e90264f33305004495a9","hash":"866911e171a8b090b2a861d667efda79a12c6482"}
,"/Users/mikejones/careerfoundry/meet/src/components/EventList.jsx": {"path":"/Users/mikejones/careerfoundry/meet/src/components/EventList.jsx","statementMap":{"0":{"start":{"line":4,"column":18},"end":{"line":12,"column":1}},"1":{"start":{"line":5,"column":4},"end":{"line":11,"column":6}},"2":{"start":{"line":8,"column":40},"end":{"line":8,"column":78}}},"fnMap":{"0":{"name":"(anonymous_0)","decl":{"start":{"line":4,"column":18},"end":{"line":4,"column":19}},"loc":{"start":{"line":4,"column":34},"end":{"line":12,"column":1}},"line":4},"1":{"name":"(anonymous_1)","decl":{"start":{"line":8,"column":29},"end":{"line":8,"column":30}},"loc":{"start":{"line":8,"column":40},"end":{"line":8,"column":78}},"line":8}},"branchMap":{"0":{"loc":{"start":{"line":7,"column":13},"end":{"line":9,"column":22}},"type":"cond-expr","locations":[{"start":{"line":8,"column":18},"end":{"line":8,"column":79}},{"start":{"line":9,"column":18},"end":{"line":9,"column":22}}],"line":7}},"s":{"0":2,"1":6,"2":34},"f":{"0":6,"1":34},"b":{"0":[1,5]},"_coverageSchema":"1a1c01bbd47fc00a2c39e90264f33305004495a9","hash":"eda7541f7462fcd78a15630185619a7b071215e9"}
,"/Users/mikejones/careerfoundry/meet/src/components/NumberOfEvents.jsx": {"path":"/Users/mikejones/careerfoundry/meet/src/components/NumberOfEvents.jsx","statementMap":{"0":{"start":{"line":3,"column":23},"end":{"line":15,"column":1}},"1":{"start":{"line":4,"column":4},"end":{"line":14,"column":6}}},"fnMap":{"0":{"name":"(anonymous_0)","decl":{"start":{"line":3,"column":23},"end":{"line":3,"column":24}},"loc":{"start":{"line":3,"column":29},"end":{"line":15,"column":1}},"line":3}},"branchMap":{},"s":{"0":2,"1":6},"f":{"0":6},"b":{},"_coverageSchema":"1a1c01bbd47fc00a2c39e90264f33305004495a9","hash":"3455498e69aa6de38f37bdd004be413537f7911c"}
}
