TN:
SF:src/App.jsx
FN:6,App
FNF:1
FNH:1
FNDA:3,App
DA:7,3
LF:1
LH:1
BRF:0
BRH:0
end_of_record
TN:
SF:src/api.js
FN:3,(anonymous_0)
FN:4,(anonymous_1)
FN:10,(anonymous_2)
FNF:3
FNH:3
FNDA:2,(anonymous_0)
FNDA:68,(anonymous_1)
FNDA:12,(anonymous_2)
DA:3,3
DA:4,68
DA:6,2
DA:7,2
DA:10,3
DA:11,12
LF:6
LH:6
BRF:0
BRH:0
end_of_record
TN:
SF:src/mock-data.js
FNF:0
FNH:0
DA:1,3
LF:1
LH:1
BRF:0
BRH:0
end_of_record
TN:
SF:src/components/CitySearch.jsx
FN:3,(anonymous_0)
FN:8,(anonymous_1)
FN:11,(anonymous_2)
FN:22,(anonymous_3)
FN:35,(anonymous_4)
FN:40,(anonymous_5)
FNF:6
FNH:6
FNDA:26,(anonymous_0)
FNDA:12,(anonymous_1)
FNDA:24,(anonymous_2)
FNDA:1,(anonymous_3)
FNDA:3,(anonymous_4)
FNDA:12,(anonymous_5)
DA:3,2
DA:4,26
DA:5,26
DA:6,26
DA:8,26
DA:9,12
DA:10,12
DA:12,24
DA:18,12
DA:19,12
DA:22,26
DA:23,1
DA:24,1
DA:25,1
DA:28,26
DA:35,3
DA:41,12
LF:17
LH:17
BRDA:10,0,0,12
BRDA:10,0,1,0
BRDA:38,1,0,15
BRDA:38,1,1,11
BRF:4
BRH:3
end_of_record
TN:
SF:src/components/Event.jsx
FN:4,(anonymous_0)
FN:7,(anonymous_1)
FNF:2
FNH:2
FNDA:58,(anonymous_0)
FNDA:6,(anonymous_1)
DA:4,3
DA:5,58
DA:7,58
DA:8,6
DA:10,6
DA:11,4
DA:12,4
DA:14,2
DA:15,2
DA:19,58
LF:10
LH:10
BRDA:10,0,0,4
BRDA:10,0,1,2
BRDA:21,1,0,49
BRDA:21,1,1,9
BRF:4
BRH:4
end_of_record
TN:
SF:src/components/EventList.jsx
FN:4,(anonymous_0)
FN:8,(anonymous_1)
FNF:2
FNH:2
FNDA:6,(anonymous_0)
FNDA:34,(anonymous_1)
DA:4,2
DA:5,6
DA:8,34
LF:3
LH:3
BRDA:7,0,0,1
BRDA:7,0,1,5
BRF:2
BRH:2
end_of_record
TN:
SF:src/components/NumberOfEvents.jsx
FN:3,(anonymous_0)
FNF:1
FNH:1
FNDA:6,(anonymous_0)
DA:3,2
DA:4,6
LF:2
LH:2
BRF:0
BRH:0
end_of_record
