TN:
SF:src/App.jsx
FN:8,App
FN:14,(anonymous_1)
FN:18,(anonymous_2)
FN:23,(anonymous_3)
FNF:4
FNH:4
FNDA:12,App
FNDA:7,(anonymous_1)
FNDA:7,(anonymous_2)
FNDA:34,(anonymous_3)
DA:9,12
DA:10,11
DA:11,11
DA:12,11
DA:14,11
DA:15,7
DA:18,11
DA:19,7
DA:21,7
DA:23,34
DA:26,7
DA:27,7
DA:30,11
LF:13
LH:13
BRDA:21,0,0,6
BRDA:21,0,1,1
BRF:2
BRH:2
end_of_record
TN:
SF:src/api.js
FN:3,(anonymous_0)
FN:4,(anonymous_1)
FN:10,(anonymous_2)
FNF:3
FNH:3
FNDA:10,(anonymous_0)
FNDA:340,(anonymous_1)
FNDA:21,(anonymous_2)
DA:3,4
DA:4,340
DA:6,10
DA:7,10
DA:10,4
DA:11,21
LF:6
LH:6
BRF:0
BRH:0
end_of_record
TN:
SF:src/mock-data.js
FNF:0
FNH:0
DA:1,4
LF:1
LH:1
BRF:0
BRH:0
end_of_record
TN:
SF:src/components/CitySearch.jsx
FN:3,(anonymous_0)
FN:8,(anonymous_1)
FN:12,(anonymous_2)
FN:15,(anonymous_3)
FN:26,(anonymous_4)
FN:40,(anonymous_5)
FN:45,(anonymous_6)
FNF:7
FNH:7
FNDA:58,(anonymous_0)
FNDA:16,(anonymous_1)
FNDA:18,(anonymous_2)
FNDA:36,(anonymous_3)
FNDA:2,(anonymous_4)
FNDA:5,(anonymous_5)
FNDA:26,(anonymous_6)
DA:3,3
DA:4,58
DA:5,58
DA:6,58
DA:8,58
DA:9,16
DA:12,58
DA:13,18
DA:14,18
DA:16,36
DA:22,18
DA:23,18
DA:26,58
DA:27,2
DA:28,2
DA:29,2
DA:30,2
DA:33,58
DA:40,5
DA:46,26
LF:20
LH:20
BRDA:14,0,0,18
BRDA:14,0,1,0
BRDA:43,1,0,24
BRDA:43,1,1,34
BRF:4
BRH:3
end_of_record
TN:
SF:src/components/Event.jsx
FN:4,(anonymous_0)
FN:7,(anonymous_1)
FNF:2
FNH:2
FNDA:203,(anonymous_0)
FNDA:6,(anonymous_1)
DA:4,4
DA:5,203
DA:7,203
DA:8,6
DA:10,6
DA:11,4
DA:12,4
DA:14,2
DA:15,2
DA:19,203
LF:10
LH:10
BRDA:10,0,0,4
BRDA:10,0,1,2
BRDA:21,1,0,194
BRDA:21,1,1,9
BRF:4
BRH:4
end_of_record
TN:
SF:src/components/EventList.jsx
FN:4,(anonymous_0)
FN:8,(anonymous_1)
FNF:2
FNH:2
FNDA:14,(anonymous_0)
FNDA:179,(anonymous_1)
DA:4,3
DA:5,14
DA:8,179
LF:3
LH:3
BRDA:7,0,0,12
BRDA:7,0,1,2
BRF:2
BRH:2
end_of_record
TN:
SF:src/components/NumberOfEvents.jsx
FN:3,(anonymous_0)
FNF:1
FNH:1
FNDA:14,(anonymous_0)
DA:3,4
DA:4,14
LF:2
LH:2
BRF:0
BRH:0
end_of_record
